<?xml version="1.0" encoding="UTF-8"?>
<coverage generated="1692933965032" clover="3.2.0">
  <project timestamp="1692933965032" name="All files">
    <metrics statements="10" coveredstatements="10" conditionals="4" coveredconditionals="4" methods="4" coveredmethods="4" elements="18" coveredelements="18" complexity="0" loc="10" ncloc="10" packages="1" files="1" classes="1"/>
    <file name="PositiveArray.ts" path="C:\Users\YASMIN\Downloads\avaliacao01\src\models\PositiveArray.ts">
      <metrics statements="10" coveredstatements="10" conditionals="4" coveredconditionals="4" methods="4" coveredmethods="4"/>
      <line num="4" count="1" type="stmt"/>
      <line num="8" count="4" type="stmt"/>
      <line num="16" count="5" type="cond" truecount="1" falsecount="0"/>
      <line num="17" count="4" type="stmt"/>
      <line num="27" count="2" type="cond" truecount="3" falsecount="0"/>
      <line num="28" count="1" type="stmt"/>
      <line num="29" count="1" type="stmt"/>
      <line num="34" count="1" type="stmt"/>
      <line num="37" count="1" type="stmt"/>
      <line num="44" count="4" type="stmt"/>
    </file>
  </project>
</coverage>
